<?xml version="1.0" encoding="UTF-8"?>
<testng-results skipped="0" failed="0" ignored="0" total="1" passed="1">
  <reporter-output>
  </reporter-output>
  <suite name="Default suite" duration-ms="13205" started-at="2021-05-21T12:07:33Z" finished-at="2021-05-21T12:07:47Z">
    <groups>
    </groups>
    <test name="Default test" duration-ms="13205" started-at="2021-05-21T12:07:33Z" finished-at="2021-05-21T12:07:47Z">
      <class name="Runner.Configuration">
        <test-method status="PASS" signature="launch()[pri:0, instance:Runner.Configuration@8bd1b6a]" name="launch" is-config="true" duration-ms="11285" started-at="2021-05-21T12:07:33Z" finished-at="2021-05-21T12:07:45Z">
          <reporter-output>
          </reporter-output>
        </test-method> <!-- launch -->
        <test-method status="PASS" signature="userCreation()[pri:0, instance:Runner.Configuration@8bd1b6a]" name="userCreation" duration-ms="1869" started-at="2021-05-21T12:07:45Z" finished-at="2021-05-21T12:07:47Z">
          <reporter-output>
          </reporter-output>
        </test-method> <!-- userCreation -->
      </class> <!-- Runner.Configuration -->
    </test> <!-- Default test -->
  </suite> <!-- Default suite -->
</testng-results>
